{"uuid":"30e6aa42-b073-49c3-8039-00f1c012a8bb","historyId":"73bb4046a3ee671c3fe848de4f5faf2b","fullName":"tests.CareerPageTest.testgoQualityAssurancePage","labels":[{"name":"package","value":"tests.CareerPageTest"},{"name":"testClass","value":"tests.CareerPageTest"},{"name":"testMethod","value":"testgoQualityAssurancePage"},{"name":"parentSuite","value":"Default Suite"},{"name":"suite","value":"irem_vardan_selenium-main"},{"name":"subSuite","value":"tests.CareerPageTest"},{"name":"host","value":"LAPTOP-Q107QRFP"},{"name":"thread","value":"33740@LAPTOP-Q107QRFP.main(3)"},{"name":"framework","value":"testng"},{"name":"language","value":"java"},{"name":"feature","value":"Career Page"}],"links":[],"name":"testgoQualityAssurancePage","status":"broken","statusDetails":{"known":false,"muted":false,"flaky":false,"message":"Not found element: [[ChromeDriver: chrome on windows (4c0f5ae234ce12838eedb72744bd64a9)] -> xpath: //a[text()='Decline All'] ]","trace":"java.lang.RuntimeException: Not found element: [[ChromeDriver: chrome on windows (4c0f5ae234ce12838eedb72744bd64a9)] -> xpath: //a[text()='Decline All'] ]\r\n\tat pages.CommonPage.clickElement(CommonPage.java:186)\r\n\tat tests.CareerPageTest.testgoQualityAssurancePage(CareerPageTest.java:56)\r\n\tat java.base/jdk.internal.reflect.DirectMethodHandleAccessor.invoke(DirectMethodHandleAccessor.java:104)\r\n\tat java.base/java.lang.reflect.Method.invoke(Method.java:565)\r\n\tat org.testng.internal.invokers.MethodInvocationHelper.invokeMethod(MethodInvocationHelper.java:139)\r\n\tat org.testng.internal.invokers.TestInvoker.invokeMethod(TestInvoker.java:664)\r\n\tat org.testng.internal.invokers.TestInvoker.invokeTestMethod(TestInvoker.java:228)\r\n\tat org.testng.internal.invokers.MethodRunner.runInSequence(MethodRunner.java:63)\r\n\tat org.testng.internal.invokers.TestInvoker$MethodInvocationAgent.invoke(TestInvoker.java:961)\r\n\tat org.testng.internal.invokers.TestInvoker.invokeTestMethods(TestInvoker.java:201)\r\n\tat org.testng.internal.invokers.TestMethodWorker.invokeTestMethods(TestMethodWorker.java:148)\r\n\tat org.testng.internal.invokers.TestMethodWorker.run(TestMethodWorker.java:128)\r\n\tat java.base/java.util.ArrayList.forEach(ArrayList.java:1604)\r\n\tat org.testng.TestRunner.privateRun(TestRunner.java:819)\r\n\tat org.testng.TestRunner.run(TestRunner.java:619)\r\n\tat org.testng.SuiteRunner.runTest(SuiteRunner.java:443)\r\n\tat org.testng.SuiteRunner.runSequentially(SuiteRunner.java:437)\r\n\tat org.testng.SuiteRunner.privateRun(SuiteRunner.java:397)\r\n\tat org.testng.SuiteRunner.run(SuiteRunner.java:336)\r\n\tat org.testng.SuiteRunnerWorker.runSuite(SuiteRunnerWorker.java:52)\r\n\tat org.testng.SuiteRunnerWorker.run(SuiteRunnerWorker.java:95)\r\n\tat org.testng.TestNG.runSuitesSequentially(TestNG.java:1301)\r\n\tat org.testng.TestNG.runSuitesLocally(TestNG.java:1228)\r\n\tat org.testng.TestNG.runSuites(TestNG.java:1134)\r\n\tat org.testng.TestNG.run(TestNG.java:1101)\r\n\tat com.intellij.rt.testng.IDEARemoteTestNG.run(IDEARemoteTestNG.java:65)\r\n\tat com.intellij.rt.testng.RemoteTestNGStarter.main(RemoteTestNGStarter.java:105)\r\nCaused by: java.lang.RuntimeException: Not visible element [[ChromeDriver: chrome on windows (4c0f5ae234ce12838eedb72744bd64a9)] -> xpath: //a[text()='Decline All'] ]\r\n\tat pages.CommonPage.waitForElementToBeVisible(CommonPage.java:40)\r\n\tat pages.CommonPage.clickElement(CommonPage.java:181)\r\n\t... 26 more\r\nCaused by: org.openqa.selenium.TimeoutException: Expected condition failed: waiting for visibility of [[ChromeDriver: chrome on windows (4c0f5ae234ce12838eedb72744bd64a9)] -> xpath: //a[text()='Decline All'] ] (tried for 10 second(s) with 500 milliseconds interval)\nBuild info: version: '4.12.0', revision: '249f2a7d1b*'\nSystem info: os.name: 'Windows 11', os.arch: 'amd64', os.version: '10.0', java.version: '24.0.2'\nDriver info: org.openqa.selenium.chrome.ChromeDriver\nCapabilities {acceptInsecureCerts: false, browserName: chrome, browserVersion: 139.0.7258.66, chrome: {chromedriverVersion: 139.0.7258.154 (9e0d6b2b47f..., userDataDir: C:\\Users\\Hp\\AppData\\Local\\T...}, fedcm:accounts: true, goog:chromeOptions: {debuggerAddress: localhost:64949}, networkConnectionEnabled: false, pageLoadStrategy: normal, platformName: windows, proxy: Proxy(), se:cdp: ws://localhost:64949/devtoo..., se:cdpVersion: 139.0.7258.66, setWindowRect: true, strictFileInteractability: false, timeouts: {implicit: 0, pageLoad: 300000, script: 30000}, unhandledPromptBehavior: dismiss and notify, webauthn:extension:credBlob: true, webauthn:extension:largeBlob: true, webauthn:extension:minPinLength: true, webauthn:extension:prf: true, webauthn:virtualAuthenticators: true}\nSession ID: 4c0f5ae234ce12838eedb72744bd64a9\r\n\tat org.openqa.selenium.support.ui.WebDriverWait.timeoutException(WebDriverWait.java:84)\r\n\tat org.openqa.selenium.support.ui.FluentWait.until(FluentWait.java:230)\r\n\tat pages.CommonPage.waitForElementToBeVisible(CommonPage.java:36)\r\n\t... 27 more\r\n"},"stage":"finished","steps":[],"attachments":[],"parameters":[],"start":1756721723719,"stop":1756721735372}